<?xml version="1.0" encoding="UTF-8"?>
<!-- Generated by org.testng.reporters.JUnitXMLReporter -->
<testsuite ignored="1" hostname="DESKTOP-MG6VHME" failures="0" tests="1" name="Error Validation" time="15.446" errors="0" timestamp="2024-04-03T23:44:51 IST">
  <testcase classname="SeleniumFrameworkDesign.ErrorValidation" name="loginErrorValidation" time="1.39"/>
  <testcase classname="SeleniumFrameworkDesign.ErrorValidation" name="ProductErrorValidation" time="0.0">
    <ignored/>
  </testcase> <!-- ProductErrorValidation -->
</testsuite> <!-- Error Validation -->
