<?xml version="1.0" encoding="UTF-8"?>
<!-- Generated by org.testng.reporters.JUnitXMLReporter -->
<testsuite ignored="2" hostname="DESKTOP-MG6VHME" failures="0" tests="0" time="0.042" errors="0" timestamp="2024-04-03T23:44:35 IST">
  <testcase classname="SeleniumFrameworkDesign.standaloneTest" name="orderHistoryTest" time="0.0">
    <ignored/>
  </testcase> <!-- orderHistoryTest -->
  <testcase classname="SeleniumFrameworkDesign.standaloneTest" name="standalone" time="0.0">
    <ignored/>
  </testcase> <!-- standalone -->
</testsuite>
