<?xml version="1.0" encoding="UTF-8"?>
<testng-results ignored="0" total="1" passed="1" failed="0" skipped="0">
  <reporter-output>
  </reporter-output>
  <suite started-at="2024-04-03T23:44:35 IST" name="Suite" finished-at="2024-04-03T23:44:51 IST" duration-ms="15499">
    <groups>
      <group name="ErrorHandling">
        <method signature="ErrorValidation.loginErrorValidation()[pri:0, instance:SeleniumFrameworkDesign.ErrorValidation@76494737]" name="loginErrorValidation" class="SeleniumFrameworkDesign.ErrorValidation"/>
      </group> <!-- ErrorHandling -->
    </groups>
    <test started-at="2024-04-03T23:44:35 IST" name="Submit Order Entry" finished-at="2024-04-03T23:44:35 IST" duration-ms="42">
    </test> <!-- Submit Order Entry -->
    <test started-at="2024-04-03T23:44:35 IST" name="Error Validation" finished-at="2024-04-03T23:44:51 IST" duration-ms="15446">
      <class name="SeleniumFrameworkDesign.ErrorValidation">
        <test-method is-config="true" signature="launchApplication()[pri:0, instance:SeleniumFrameworkDesign.ErrorValidation@76494737]" started-at="2024-04-03T23:44:35 IST" name="launchApplication" finished-at="2024-04-03T23:44:48 IST" duration-ms="12700" status="PASS">
          <reporter-output>
          </reporter-output>
        </test-method> <!-- launchApplication -->
        <test-method signature="loginErrorValidation()[pri:0, instance:SeleniumFrameworkDesign.ErrorValidation@76494737]" started-at="2024-04-03T23:44:48 IST" name="loginErrorValidation" finished-at="2024-04-03T23:44:50 IST" duration-ms="1390" status="PASS">
          <reporter-output>
          </reporter-output>
        </test-method> <!-- loginErrorValidation -->
        <test-method is-config="true" signature="tearDown()[pri:0, instance:SeleniumFrameworkDesign.ErrorValidation@76494737]" started-at="2024-04-03T23:44:50 IST" name="tearDown" finished-at="2024-04-03T23:44:51 IST" duration-ms="1218" status="PASS">
          <reporter-output>
          </reporter-output>
        </test-method> <!-- tearDown -->
      </class> <!-- SeleniumFrameworkDesign.ErrorValidation -->
    </test> <!-- Error Validation -->
  </suite> <!-- Suite -->
</testng-results>
